-------------------- Log Start | Thu Sep  5 00:43:23 2024 --------------------
platform: Linux-5.16.17-sun50iw9-aarch64-with-glibc2.31
data_path: /home/sovol/printer_data
is_default_data_path: False
config_file: /home/sovol/printer_data/config/moonraker.conf
backup_config: /home/sovol/printer_data/config/.moonraker.conf.bkp
startup_warnings: []
verbose: False
debug: False
asyncio_debug: False
is_backup_config: False
is_python_package: False
instance_uuid: ac606ecf3dd94106b545a7366153871a
unix_socket_path: /home/sovol/printer_data/comms/moonraker.sock
software_version: v0.9.2-6-gf735c04
git_branch: master
git_remote: origin
git_repo_url: https://github.com/Arksine/moonraker.git
modified_files: []
unofficial_components: []
log_file: /home/sovol/printer_data/logs/moonraker.log
python_version: 3.9.2 (default, Feb 28 2021, 17:03:44)  [GCC 10.2.1 20210110]
launch_args: /home/sovol/moonraker-env/bin/python /home/sovol/moonraker/moonraker/moonraker.py -d /home/sovol/printer_data
msgspec_enabled: False
uvloop_enabled: False

#################### Moonraker Configuration ####################

[server]
host = 0.0.0.0
port = 7125
klippy_uds_address = /home/sovol/printer_data/comms/klippy.sock

[authorization]
trusted_clients = 
	172.17.0.0/16
	10.0.0.0/8
	127.0.0.0/8
	169.254.0.0/16
	172.16.0.0/12
	192.168.0.0/16
	FE80::/10
	::1/128
cors_domains = 
	*.lan
	*.local
	*://localhost
	*://localhost:*
	*://my.mainsail.xyz
	*://app.fluidd.xyz

[octoprint_compat]

[history]

[timelapse]
output_path = ~/printer_data/timelapse/
frame_path = /tmp/timelapse/printer
autorender = False

[update_manager]
channel = dev
refresh_interval = 168

[update_manager mainsail-config]
type = git_repo
primary_branch = master
path = ~/mainsail-config
origin = https://github.com/mainsail-crew/mainsail-config.git
managed_services = klipper

[update_manager mainsail]
type = web
channel = stable
repo = mainsail-crew/mainsail
path = ~/mainsail

[update_manager moonraker-telegram-bot]
type = git_repo
path = ~/moonraker-telegram-bot
origin = https://github.com/nlef/moonraker-telegram-bot.git
env = ~/moonraker-telegram-bot-env/bin/python
requirements = scripts/requirements.txt
install_script = scripts/install.sh

[update_manager moonraker-obico]
type = git_repo
path = /home/sovol/moonraker-obico
origin = https://github.com/TheSpaghettiDetective/moonraker-obico.git
env = /home/sovol/moonraker-obico/../moonraker-obico-env/bin/python
requirements = requirements.txt
install_script = install.sh
managed_services = 
	moonraker-obico

[update_manager mobileraker]
type = git_repo
path = /home/sovol/mobileraker_companion
origin = https://github.com/Clon1998/mobileraker_companion.git
primary_branch = main
managed_services = mobileraker
env = /home/sovol/mobileraker-env/bin/python
requirements = scripts/mobileraker-requirements.txt
install_script = scripts/install.sh

[update_manager crowsnest]
type = git_repo
path = ~/crowsnest
origin = https://github.com/mainsail-crew/crowsnest.git
managed_services = crowsnest
install_script = tools/pkglist.sh

[spoolman]
server = http://192.168.1.23:7912

[update_manager Spoolman]
type = zip
channel = stable
repo = Donkie/Spoolman
path = /home/sovol/Spoolman
virtualenv = .venv
requirements = requirements.txt
persistent_files = 
	.venv
	.env
managed_services = Spoolman

#################################################################
All Configuration Files:
/home/sovol/printer_data/config/moonraker.conf
/home/sovol/printer_data/config/moonraker-obico-update.cfg
#################################################################
Loading Sqlite database provider. Sqlite Version: 3.34.1
Unsafe Shutdown Count: 8

System Info:

***python***
  version: (3, 9, 2, 'final', 0)
  version_string: 3.9.2 (default, Feb 28 2021, 17:03:44)  [GCC 10.2.1 20210110]

***cpu_info***
  cpu_count: 4
  bits: 64bit
  processor: aarch64
  cpu_desc: 
  serial_number: 
  hardware_desc: 
  model: 
  total_memory: 1010632
  memory_units: kB

***sd_info***

***distribution***
  name: Debian GNU/Linux 11 (bullseye)
  id: debian
  version: 11
  version_parts: {'major': '11', 'minor': '', 'build_number': ''}
  like: 
  codename: bullseye
  release_info: {}
  kernel_version: 5.16.17-sun50iw9

***virtualization***
  virt_type: none
  virt_identifier: none

***network***

***canbus***

***Allowed Services***
  klipper_mcu
  webcamd
  MoonCord
  KlipperScreen
  moonraker-telegram-bot
  moonraker-obico
  sonar
  crowsnest
  octoeverywhere
  ratos-configurator
  mobilerakerSpoolman
  mobileraker
  Spoolman
Module libcamera unavailble, import failed

Systemd unit moonraker.service:
unit_name: moonraker.service
is_default: True
manager: systemd
Properties:
**Requires=['-.mount', 'network-online.target', 'system.slice', 'sysinit.target']
**After=['-.mount', 'sysinit.target', 'system.slice', 'basic.target', 'network-online.target', 'systemd-journald.socket']
**SupplementaryGroups=['moonraker-admin']
**EnvironmentFiles=/home/sovol/printer_data/systemd/moonraker.env
**ExecStart=/home/sovol/moonraker-env/bin/python $MOONRAKER_ARGS
**WorkingDirectory=/home/sovol/moonraker
**FragmentPath=/etc/systemd/system/moonraker.service
**Description=API Server for Klipper SV1
**User=sovol

Systemd unit klipper.service:
unit_name: klipper.service
is_default: True
manager: systemd
Properties:
**Requires=['system.slice', 'sysinit.target', '-.mount']
**After=['-.mount', 'klipper-mcu.service', 'sysinit.target', 'systemd-journald.socket', 'network-online.target', 'system.slice', 'basic.target']
**SupplementaryGroups=[]
**EnvironmentFiles=/home/sovol/printer_data/systemd/klipper.env
**ExecStart=/home/sovol/klippy-env/bin/python $KLIPPER_ARGS
**WorkingDirectory=/home/sovol/klipper
**FragmentPath=/etc/systemd/system/klipper.service
**Description=Klipper 3D Printer Firmware SV1
**User=sovol
Connected to Spoolman Spool Manager
Git Repo moonraker: No warnings detected
Git Repo klipper: Warnings detected:
  Unofficial remote url: https://github.com/Sovol3d/klipper
Git Repo mainsail-config: No warnings detected
Git Repo fluidd-config: No warnings detected
Git Repo moonraker-telegram-bot: No warnings detected
Git Repo moonraker-obico: No warnings detected
Git Repo mobileraker: No warnings detected
Git Repo crowsnest: No warnings detected
Klipper Version: v0.12.0-5-g6c1004f-dirty
2024-09-05 00:43:23,605 [authorization.py:_prune_conn_handler()] - Trusted Connection Expired, IP: 192.168.1.67
2024-09-05 00:48:09,674 [websockets.py:on_close()] - Websocket Closed: ID: 281473389647424 Close Code: None, Close Reason: None, Pong Time Elapsed: 7.70
2024-09-05 00:48:09,688 [authorization.py:_check_trusted_connection()] - Trusted Connection Detected, IP: 192.168.1.67
2024-09-05 00:48:09,692 [application.py:log_request()] - 101 GET /websocket (192.168.1.67) [_TRUSTED_USER_] 6.37ms
2024-09-05 00:48:09,693 [websockets.py:open()] - Websocket Opened: ID: 281473371094992, Proxied: False, User Agent: Mozilla/5.0 (Windows NT 10.0; Win64; x64) AppleWebKit/537.36 (KHTML, like Gecko) Chrome/128.0.0.0 Safari/537.36, Host Name: 192.168.1.23
2024-09-05 00:48:09,697 [websockets.py:on_close()] - Websocket Closed: ID: 281473370305008 Close Code: None, Close Reason: None, Pong Time Elapsed: 3.80
2024-09-05 00:48:09,715 [application.py:log_request()] - 101 GET /websocket (192.168.1.67) [_TRUSTED_USER_] 4.61ms
2024-09-05 00:48:09,716 [websockets.py:open()] - Websocket Opened: ID: 281473371092448, Proxied: False, User Agent: Mozilla/5.0 (Windows NT 10.0; Win64; x64) AppleWebKit/537.36 (KHTML, like Gecko) Chrome/128.0.0.0 Safari/537.36, Host Name: 192.168.1.23
2024-09-05 00:48:09,723 [file_manager.py:get_file_list()] - Updating File List <config>...
2024-09-05 00:48:09,790 [file_manager.py:get_file_list()] - Updating File List <config>...
2024-09-05 00:48:56,447 [file_manager.py:get_file_list()] - Updating File List <gcodes>...
2024-09-05 01:04:38,559 [application.py:prepare()] - Upload Request Received from 127.0.0.1
Content-Type: multipart/form-data; boundary=6d17fe279fca0f421ca10b1643fe260d
2024-09-05 01:04:39,199 [application.py:post()] - Processing Uploaded File: hydro_tower___bucket_adapter_PETG_0.2_5h13m.gcode
2024-09-05 01:04:39,930 [shell_command.py:pipe_data_received()] - INFO:metadata:Object Processing is disabled

2024-09-05 01:04:40,177 [shell_command.py:_check_proc_success()] - Command (/home/sovol/moonraker-env/bin/python /home/sovol/moonraker/moonraker/components/file_manager/metadata.py -p /home/sovol/printer_data/gcodes -f "Obico_Upload/hydro_tower___bucket_adapter_PETG_0.2_5h13m.gcode") successfully finished
2024-09-05 01:04:40,203 [application.py:log_request()] - 201 POST /server/files/upload (127.0.0.1) [_API_KEY_USER_] 1645.89ms
2024-09-05 01:04:40,537 [klippy_apis.py:start_print()] - Requesting Job Start, filename = Obico_Upload/hydro_tower___bucket_adapter_PETG_0.2_5h13m.gcode
2024-09-05 01:04:40,608 [job_state.py:_status_update()] - Job Started: Obico_Upload/hydro_tower___bucket_adapter_PETG_0.2_5h13m.gcode
2024-09-05 01:15:13,909 [application.py:log_request()] - 101 GET /websocket (192.168.1.67) [_TRUSTED_USER_] 4.65ms
2024-09-05 01:15:13,910 [websockets.py:open()] - Websocket Opened: ID: 281473389915488, Proxied: False, User Agent: BBL-Slicer/v01.09.03.50 (dark) Mozilla/5.0 (Windows NT 10.0; Win64; x64) AppleWebKit/537.36 (KHTML, like Gecko) Chrome/107.0.0.0 Safari/537.36 Edg/107.0.1418.52, Host Name: 192.168.1.23
2024-09-05 01:15:13,943 [websockets.py:_handle_identify()] - Websocket 281473389915488 Client Identified - Name: mainsail, Version: 2.12.0, Type: web
2024-09-05 01:16:57,061 [websockets.py:on_close()] - Websocket Closed: ID: 281473389915488 Close Code: 1001, Close Reason: None, Pong Time Elapsed: 3.14
2024-09-05 01:17:07,413 [application.py:log_request()] - 101 GET /websocket (192.168.1.67) [_TRUSTED_USER_] 4.53ms
2024-09-05 01:17:07,414 [websockets.py:open()] - Websocket Opened: ID: 281473372978000, Proxied: False, User Agent: BBL-Slicer/v01.09.03.50 (dark) Mozilla/5.0 (Windows NT 10.0; Win64; x64) AppleWebKit/537.36 (KHTML, like Gecko) Chrome/107.0.0.0 Safari/537.36 Edg/107.0.1418.52, Host Name: 192.168.1.23
2024-09-05 01:17:07,440 [websockets.py:_handle_identify()] - Websocket 281473372978000 Client Identified - Name: mainsail, Version: 2.12.0, Type: web
2024-09-05 01:18:04,420 [websockets.py:on_close()] - Websocket Closed: ID: 281473372978000 Close Code: 1001, Close Reason: None, Pong Time Elapsed: 7.00
2024-09-05 01:18:14,367 [application.py:log_request()] - 101 GET /websocket (192.168.1.67) [_TRUSTED_USER_] 4.51ms
2024-09-05 01:18:14,368 [websockets.py:open()] - Websocket Opened: ID: 281473371599104, Proxied: False, User Agent: BBL-Slicer/v01.09.03.50 (dark) Mozilla/5.0 (Windows NT 10.0; Win64; x64) AppleWebKit/537.36 (KHTML, like Gecko) Chrome/107.0.0.0 Safari/537.36 Edg/107.0.1418.52, Host Name: 192.168.1.23
2024-09-05 01:18:14,397 [websockets.py:_handle_identify()] - Websocket 281473371599104 Client Identified - Name: mainsail, Version: 2.12.0, Type: web
2024-09-05 01:19:07,147 [websockets.py:on_close()] - Websocket Closed: ID: 281473371599104 Close Code: 1001, Close Reason: None, Pong Time Elapsed: 2.77
2024-09-05 01:19:19,806 [application.py:log_request()] - 101 GET /websocket (192.168.1.67) [_TRUSTED_USER_] 6.25ms
2024-09-05 01:19:19,808 [websockets.py:open()] - Websocket Opened: ID: 281473389670304, Proxied: False, User Agent: BBL-Slicer/v01.09.03.50 (dark) Mozilla/5.0 (Windows NT 10.0; Win64; x64) AppleWebKit/537.36 (KHTML, like Gecko) Chrome/107.0.0.0 Safari/537.36 Edg/107.0.1418.52, Host Name: 192.168.1.23
2024-09-05 01:19:19,829 [websockets.py:_handle_identify()] - Websocket 281473389670304 Client Identified - Name: mainsail, Version: 2.12.0, Type: web
2024-09-05 01:19:30,651 [websockets.py:on_close()] - Websocket Closed: ID: 281473389670304 Close Code: 1001, Close Reason: None, Pong Time Elapsed: 0.84
2024-09-05 01:23:54,402 [websockets.py:on_close()] - Websocket Closed: ID: 281473371094992 Close Code: None, Close Reason: None, Pong Time Elapsed: 4.70
2024-09-05 01:23:54,430 [application.py:log_request()] - 101 GET /websocket (192.168.1.67) [_TRUSTED_USER_] 5.28ms
2024-09-05 01:23:54,431 [websockets.py:open()] - Websocket Opened: ID: 281473370306160, Proxied: False, User Agent: Mozilla/5.0 (Windows NT 10.0; Win64; x64) AppleWebKit/537.36 (KHTML, like Gecko) Chrome/128.0.0.0 Safari/537.36, Host Name: 192.168.1.23
2024-09-05 01:23:54,468 [file_manager.py:get_file_list()] - Updating File List <config>...
2024-09-05 01:29:25,409 [websockets.py:on_close()] - Websocket Closed: ID: 281473371092448 Close Code: None, Close Reason: None, Pong Time Elapsed: 5.69
2024-09-05 01:29:25,455 [application.py:log_request()] - 101 GET /websocket (192.168.1.67) [_TRUSTED_USER_] 5.52ms
2024-09-05 01:29:25,456 [websockets.py:open()] - Websocket Opened: ID: 281473390230112, Proxied: False, User Agent: Mozilla/5.0 (Windows NT 10.0; Win64; x64) AppleWebKit/537.36 (KHTML, like Gecko) Chrome/128.0.0.0 Safari/537.36, Host Name: 192.168.1.23
2024-09-05 01:29:25,522 [file_manager.py:get_file_list()] - Updating File List <config>...
2024-09-05 01:29:25,879 [websockets.py:on_close()] - Websocket Closed: ID: 281473370306160 Close Code: None, Close Reason: None, Pong Time Elapsed: 1.44
2024-09-05 01:29:25,893 [application.py:log_request()] - 101 GET /websocket (192.168.1.67) [_TRUSTED_USER_] 4.73ms
2024-09-05 01:29:25,894 [websockets.py:open()] - Websocket Opened: ID: 281473389762208, Proxied: False, User Agent: Mozilla/5.0 (Windows NT 10.0; Win64; x64) AppleWebKit/537.36 (KHTML, like Gecko) Chrome/128.0.0.0 Safari/537.36, Host Name: 192.168.1.23
2024-09-05 01:29:25,997 [file_manager.py:get_file_list()] - Updating File List <config>...
2024-09-05 01:30:02,146 [websockets.py:on_close()] - Websocket Closed: ID: 281473390230112 Close Code: None, Close Reason: None, Pong Time Elapsed: 6.68
2024-09-05 01:30:02,154 [websockets.py:on_close()] - Websocket Closed: ID: 281473389762208 Close Code: None, Close Reason: None, Pong Time Elapsed: 6.25
2024-09-05 01:30:02,166 [application.py:log_request()] - 101 GET /websocket (192.168.1.67) [_TRUSTED_USER_] 7.73ms
2024-09-05 01:30:02,167 [websockets.py:open()] - Websocket Opened: ID: 281473390231504, Proxied: False, User Agent: Mozilla/5.0 (Windows NT 10.0; Win64; x64) AppleWebKit/537.36 (KHTML, like Gecko) Chrome/128.0.0.0 Safari/537.36, Host Name: 192.168.1.23
2024-09-05 01:30:02,200 [application.py:log_request()] - 101 GET /websocket (192.168.1.67) [_TRUSTED_USER_] 9.40ms
2024-09-05 01:30:02,202 [websockets.py:open()] - Websocket Opened: ID: 281473389668000, Proxied: False, User Agent: Mozilla/5.0 (Windows NT 10.0; Win64; x64) AppleWebKit/537.36 (KHTML, like Gecko) Chrome/128.0.0.0 Safari/537.36, Host Name: 192.168.1.23
2024-09-05 01:30:02,216 [file_manager.py:get_file_list()] - Updating File List <config>...
2024-09-05 01:30:02,300 [file_manager.py:get_file_list()] - Updating File List <config>...
2024-09-05 01:56:49,910 [klippy_apis.py:cancel_print()] - Requesting job cancel...
2024-09-05 01:57:00,898 [klippy_connection.py:_on_connection_closed()] - Klippy Connection Removed
2024-09-05 01:57:01,225 [common.py:build_error()] - JSON-RPC Request Error - Requested Method: printer.objects.query, Code: 503, Message: Klippy Host not connected
2024-09-05 01:57:02,179 [klippy_connection.py:_do_connect()] - Klippy Connection Established
2024-09-05 01:57:05,884 [authorization.py:_check_trusted_connection()] - Trusted Connection Detected, IP: 127.0.0.1
2024-09-05 01:57:08,358 [klippy_connection.py:_request_initial_subscriptions()] - Webhooks Subscribed
2024-09-05 01:57:08,369 [klippy_connection.py:_request_initial_subscriptions()] - GCode Output Subscribed
2024-09-05 01:57:08,417 [file_manager.py:get_file_list()] - Updating File List <gcodes>...
2024-09-05 01:57:08,607 [job_state.py:_handle_started()] - Job state initialized: standby
2024-09-05 01:57:08,927 [klippy_connection.py:_check_ready()] - Klippy ready
2024-09-05 01:57:08,955 [file_manager.py:get_file_list()] - Updating File List <config>...
2024-09-05 01:57:09,010 [file_manager.py:get_file_list()] - Updating File List <config>...
2024-09-05 01:57:09,862 [data_store.py:_init_sensors()] - Configuring available sensors: ['temperature_sensor mcu_temp', 'temperature_sensor Host_temp', 'temperature_sensor Toolhead_Temp', 'heater_bed', 'extruder']
2024-09-05 01:59:24,165 [klippy_connection.py:wait()] - Request 'gcode/script' pending: 60.00 seconds
2024-09-05 02:00:24,167 [klippy_connection.py:wait()] - Request 'gcode/script' pending: 120.00 seconds
2024-09-05 02:01:24,170 [klippy_connection.py:wait()] - Request 'gcode/script' pending: 180.01 seconds
2024-09-05 02:02:24,173 [klippy_connection.py:wait()] - Request 'gcode/script' pending: 240.01 seconds
2024-09-05 02:03:24,176 [klippy_connection.py:wait()] - Request 'gcode/script' pending: 300.01 seconds
2024-09-05 02:04:24,178 [klippy_connection.py:wait()] - Request 'gcode/script' pending: 360.01 seconds
2024-09-05 02:05:24,180 [klippy_connection.py:wait()] - Request 'gcode/script' pending: 420.02 seconds
2024-09-05 02:06:21,906 [klippy_connection.py:_on_connection_closed()] - Klippy Connection Removed
2024-09-05 02:06:22,019 [common.py:build_error()] - JSON-RPC Request Error - Requested Method: printer.objects.query, Code: 503, Message: Klippy Host not connected
2024-09-05 02:06:23,020 [common.py:build_error()] - JSON-RPC Request Error - Requested Method: printer.objects.query, Code: 503, Message: Klippy Host not connected
2024-09-05 02:06:23,184 [klippy_connection.py:_do_connect()] - Klippy Connection Established
2024-09-05 02:06:29,354 [klippy_connection.py:_request_initial_subscriptions()] - Webhooks Subscribed
2024-09-05 02:06:29,359 [klippy_connection.py:_request_initial_subscriptions()] - GCode Output Subscribed
2024-09-05 02:06:29,397 [file_manager.py:get_file_list()] - Updating File List <gcodes>...
2024-09-05 02:06:29,606 [job_state.py:_handle_started()] - Job state initialized: standby
2024-09-05 02:06:29,893 [klippy_connection.py:_check_ready()] - Klippy ready
2024-09-05 02:06:29,913 [file_manager.py:get_file_list()] - Updating File List <config>...
2024-09-05 02:06:29,986 [file_manager.py:get_file_list()] - Updating File List <config>...
2024-09-05 02:06:30,861 [data_store.py:_init_sensors()] - Configuring available sensors: ['temperature_sensor mcu_temp', 'temperature_sensor Host_temp', 'temperature_sensor Toolhead_Temp', 'heater_bed', 'extruder']
2024-09-05 02:06:45,240 [klippy_apis.py:start_print()] - Requesting Job Start, filename = Obico_Upload/hydro_tower___bucket_adapter_PETG_0.2_5h13m.gcode
2024-09-05 02:06:45,392 [job_state.py:_status_update()] - Job Started: Obico_Upload/hydro_tower___bucket_adapter_PETG_0.2_5h13m.gcode
2024-09-05 02:33:23,636 [authorization.py:_prune_conn_handler()] - Trusted Connection Expired, IP: 192.168.1.67
2024-09-05 03:08:23,649 [authorization.py:_prune_conn_handler()] - Trusted Connection Expired, IP: 127.0.0.1
2024-09-05 03:24:31,290 [klippy_apis.py:pause_print()] - Requesting job pause...
2024-09-05 03:24:34,107 [authorization.py:_check_trusted_connection()] - Trusted Connection Detected, IP: 127.0.0.1
2024-09-05 03:25:39,924 [klippy_apis.py:cancel_print()] - Requesting job cancel...
2024-09-05 03:25:47,855 [klippy_connection.py:_on_connection_closed()] - Klippy Connection Removed
2024-09-05 03:25:47,922 [common.py:build_error()] - JSON-RPC Request Error - Requested Method: printer.objects.query, Code: 503, Message: Klippy Host not connected
2024-09-05 03:25:48,923 [common.py:build_error()] - JSON-RPC Request Error - Requested Method: printer.objects.query, Code: 503, Message: Klippy Host not connected
2024-09-05 03:25:49,130 [klippy_connection.py:_do_connect()] - Klippy Connection Established
2024-09-05 03:25:55,259 [klippy_connection.py:_request_initial_subscriptions()] - Webhooks Subscribed
2024-09-05 03:25:55,264 [klippy_connection.py:_request_initial_subscriptions()] - GCode Output Subscribed
2024-09-05 03:25:55,303 [file_manager.py:get_file_list()] - Updating File List <gcodes>...
2024-09-05 03:25:55,512 [job_state.py:_handle_started()] - Job state initialized: standby
2024-09-05 03:25:55,798 [klippy_connection.py:_check_ready()] - Klippy ready
2024-09-05 03:25:55,826 [file_manager.py:get_file_list()] - Updating File List <config>...
2024-09-05 03:25:55,888 [file_manager.py:get_file_list()] - Updating File List <config>...
2024-09-05 03:25:56,764 [data_store.py:_init_sensors()] - Configuring available sensors: ['temperature_sensor mcu_temp', 'temperature_sensor Host_temp', 'temperature_sensor Toolhead_Temp', 'heater_bed', 'extruder']
2024-09-05 04:28:23,669 [authorization.py:_prune_conn_handler()] - Trusted Connection Expired, IP: 127.0.0.1
2024-09-05 04:32:34,476 [authorization.py:_check_trusted_connection()] - Trusted Connection Detected, IP: 192.168.1.67
2024-09-05 04:33:36,006 [websockets.py:on_close()] - Websocket Closed: ID: 281473390231504 Close Code: None, Close Reason: None, Pong Time Elapsed: 3.83
2024-09-05 04:33:36,023 [application.py:log_request()] - 101 GET /websocket (192.168.1.67) [_TRUSTED_USER_] 5.30ms
2024-09-05 04:33:36,024 [websockets.py:open()] - Websocket Opened: ID: 281473389475200, Proxied: False, User Agent: Mozilla/5.0 (Windows NT 10.0; Win64; x64) AppleWebKit/537.36 (KHTML, like Gecko) Chrome/128.0.0.0 Safari/537.36, Host Name: 192.168.1.23
2024-09-05 04:33:36,045 [file_manager.py:get_file_list()] - Updating File List <config>...
2024-09-05 04:33:36,104 [application.py:log_request()] - 101 GET /websocket (192.168.1.67) [_TRUSTED_USER_] 4.78ms
2024-09-05 04:33:36,105 [websockets.py:open()] - Websocket Opened: ID: 281473371107920, Proxied: False, User Agent: Mozilla/5.0 (Windows NT 10.0; Win64; x64) AppleWebKit/537.36 (KHTML, like Gecko) Chrome/128.0.0.0 Safari/537.36, Host Name: 192.168.1.23
2024-09-05 04:33:36,118 [websockets.py:_handle_identify()] - Websocket 281473371107920 Client Identified - Name: mainsail, Version: 2.12.0, Type: web
2024-09-05 05:38:23,732 [authorization.py:_prune_conn_handler()] - Trusted Connection Expired, IP: 192.168.1.67
-------------------- Log Start | Thu Sep  5 10:18:06 2024 --------------------
platform: Linux-5.16.17-sun50iw9-aarch64-with-glibc2.31
data_path: /home/sovol/printer_data
is_default_data_path: False
config_file: /home/sovol/printer_data/config/moonraker.conf
backup_config: /home/sovol/printer_data/config/.moonraker.conf.bkp
startup_warnings: []
verbose: False
debug: False
asyncio_debug: False
is_backup_config: False
is_python_package: False
instance_uuid: ac606ecf3dd94106b545a7366153871a
unix_socket_path: /home/sovol/printer_data/comms/moonraker.sock
software_version: v0.9.2-6-gf735c04
git_branch: master
git_remote: origin
git_repo_url: https://github.com/Arksine/moonraker.git
modified_files: []
unofficial_components: []
log_file: /home/sovol/printer_data/logs/moonraker.log
python_version: 3.9.2 (default, Feb 28 2021, 17:03:44)  [GCC 10.2.1 20210110]
launch_args: /home/sovol/moonraker-env/bin/python /home/sovol/moonraker/moonraker/moonraker.py -d /home/sovol/printer_data
msgspec_enabled: False
uvloop_enabled: False
2024-09-05 10:18:06,229 [confighelper.py:read_file()] - Configuration File '/home/sovol/printer_data/config/moonraker.conf' parsed, total size: 2264 B
2024-09-05 10:18:06,240 [server.py:add_log_rollover_item()] - 
#################### Moonraker Configuration ####################

[server]
host = 0.0.0.0
port = 7125
klippy_uds_address = /home/sovol/printer_data/comms/klippy.sock

[authorization]
trusted_clients = 
	172.17.0.0/16
	10.0.0.0/8
	127.0.0.0/8
	169.254.0.0/16
	172.16.0.0/12
	192.168.0.0/16
	FE80::/10
	::1/128
cors_domains = 
	*.lan
	*.local
	*://localhost
	*://localhost:*
	*://my.mainsail.xyz
	*://app.fluidd.xyz

[octoprint_compat]

[history]

[timelapse]
output_path = ~/printer_data/timelapse/
frame_path = /tmp/timelapse/printer
autorender = False

[update_manager]
channel = dev
refresh_interval = 168

[update_manager mainsail-config]
type = git_repo
primary_branch = master
path = ~/mainsail-config
origin = https://github.com/mainsail-crew/mainsail-config.git
managed_services = klipper

[update_manager mainsail]
type = web
channel = stable
repo = mainsail-crew/mainsail
path = ~/mainsail

[update_manager moonraker-telegram-bot]
type = git_repo
path = ~/moonraker-telegram-bot
origin = https://github.com/nlef/moonraker-telegram-bot.git
env = ~/moonraker-telegram-bot-env/bin/python
requirements = scripts/requirements.txt
install_script = scripts/install.sh

[update_manager moonraker-obico]
type = git_repo
path = /home/sovol/moonraker-obico
origin = https://github.com/TheSpaghettiDetective/moonraker-obico.git
env = /home/sovol/moonraker-obico/../moonraker-obico-env/bin/python
requirements = requirements.txt
install_script = install.sh
managed_services = 
	moonraker-obico

[update_manager mobileraker]
type = git_repo
path = /home/sovol/mobileraker_companion
origin = https://github.com/Clon1998/mobileraker_companion.git
primary_branch = main
managed_services = mobileraker
env = /home/sovol/mobileraker-env/bin/python
requirements = scripts/mobileraker-requirements.txt
install_script = scripts/install.sh

[update_manager crowsnest]
type = git_repo
path = ~/crowsnest
origin = https://github.com/mainsail-crew/crowsnest.git
managed_services = crowsnest
install_script = tools/pkglist.sh

[spoolman]
server = http://192.168.1.23:7912

[update_manager Spoolman]
type = zip
channel = stable
repo = Donkie/Spoolman
path = /home/sovol/Spoolman
virtualenv = .venv
requirements = requirements.txt
persistent_files = 
	.venv
	.env
managed_services = Spoolman

#################################################################
All Configuration Files:
/home/sovol/printer_data/config/moonraker.conf
/home/sovol/printer_data/config/moonraker-obico-update.cfg
#################################################################
2024-09-05 10:18:06,709 [server.py:load_component()] - Component (secrets) loaded
2024-09-05 10:18:06,751 [server.py:load_component()] - Component (template) loaded
2024-09-05 10:18:06,777 [server.py:load_component()] - Component (klippy_connection) loaded
2024-09-05 10:18:09,156 [server.py:load_component()] - Component (application) loaded
2024-09-05 10:18:09,289 [server.py:load_component()] - Component (websockets) loaded
2024-09-05 10:18:09,340 [server.py:add_log_rollover_item()] - Loading Sqlite database provider. Sqlite Version: 3.34.1
2024-09-05 10:18:09,352 [server.py:add_log_rollover_item()] - Unsafe Shutdown Count: 9
2024-09-05 10:18:09,377 [server.py:load_component()] - Component (database) loaded
2024-09-05 10:18:09,687 [server.py:load_component()] - Component (dbus_manager) loaded
2024-09-05 10:18:09,783 [file_manager.py:__init__()] - Using File System Observer: inotify
2024-09-05 10:18:09,883 [server.py:load_component()] - Component (file_manager) loaded
2024-09-05 10:18:09,996 [database.py:register_table()] - Found registered table authorized_users
2024-09-05 10:18:10,019 [authorization.py:__init__()] - Authorization Configuration Loaded
Trusted Clients:
172.17.0.0/16
10.0.0.0/8
127.0.0.0/8
169.254.0.0/16
172.16.0.0/12
192.168.0.0/16
fe80::/10
::1/128
CORS Domains:
.*\.lan
.*\.local
.*://localhost
.*://localhost:.*
.*://my\.mainsail\.xyz
.*://app\.fluidd\.xyz
2024-09-05 10:18:10,060 [server.py:load_component()] - Component (authorization) loaded
2024-09-05 10:18:10,087 [server.py:load_component()] - Component (klippy_apis) loaded
2024-09-05 10:18:10,888 [server.py:add_log_rollover_item()] - 
System Info:

***python***
  version: (3, 9, 2, 'final', 0)
  version_string: 3.9.2 (default, Feb 28 2021, 17:03:44)  [GCC 10.2.1 20210110]

***cpu_info***
  cpu_count: 4
  bits: 64bit
  processor: aarch64
  cpu_desc: 
  serial_number: 
  hardware_desc: 
  model: 
  total_memory: 1010632
  memory_units: kB

***sd_info***

***distribution***
  name: Debian GNU/Linux 11 (bullseye)
  id: debian
  version: 11
  version_parts: {'major': '11', 'minor': '', 'build_number': ''}
  like: 
  codename: bullseye
  release_info: {}
  kernel_version: 5.16.17-sun50iw9

***virtualization***
  virt_type: none
  virt_identifier: none

***network***

***canbus***

***Allowed Services***
  klipper_mcu
  webcamd
  MoonCord
  KlipperScreen
  moonraker-telegram-bot
  moonraker-obico
  sonar
  crowsnest
  octoeverywhere
  ratos-configurator
  mobilerakerSpoolman
  mobileraker
  Spoolman
2024-09-05 10:18:10,898 [server.py:load_component()] - Component (shell_command) loaded
2024-09-05 10:18:10,898 [machine.py:__init__()] - Using System Provider: systemd_dbus
2024-09-05 10:18:10,961 [server.py:add_log_rollover_item()] - Module libcamera unavailble, import failed
2024-09-05 10:18:10,962 [server.py:load_component()] - Component (machine) loaded
2024-09-05 10:18:10,984 [server.py:load_component()] - Component (data_store) loaded
2024-09-05 10:18:10,991 [proc_stats.py:__init__()] - Unable to find 'vcgencmd', throttle checking disabled
2024-09-05 10:18:10,997 [server.py:load_component()] - Component (proc_stats) loaded
2024-09-05 10:18:11,012 [server.py:load_component()] - Component (job_state) loaded
2024-09-05 10:18:11,039 [server.py:load_component()] - Component (job_queue) loaded
2024-09-05 10:18:11,071 [database.py:register_table()] - Found registered table job_history
2024-09-05 10:18:11,074 [database.py:register_table()] - Found registered table job_totals
2024-09-05 10:18:11,084 [server.py:load_component()] - Component (history) loaded
2024-09-05 10:18:11,141 [server.py:load_component()] - Component (http_client) loaded
2024-09-05 10:18:11,308 [server.py:load_component()] - Component (announcements) loaded
2024-09-05 10:18:11,324 [server.py:load_component()] - Component (webcam) loaded
2024-09-05 10:18:11,342 [server.py:load_component()] - Component (extensions) loaded
2024-09-05 10:18:11,369 [server.py:load_component()] - Component (octoprint_compat) loaded
2024-09-05 10:18:11,389 [announcements.py:register_feed()] - Registering feed spoolman
2024-09-05 10:18:11,397 [server.py:load_component()] - Component (spoolman) loaded
2024-09-05 10:18:11,727 [base_deploy.py:log_info()] - Git Repo moonraker: Detected virtualenv: /home/sovol/moonraker-env
2024-09-05 10:18:11,755 [base_deploy.py:log_info()] - Git Repo klipper: Detected virtualenv: /home/sovol/klippy-env
2024-09-05 10:18:11,785 [base_deploy.py:log_info()] - Git Repo moonraker-telegram-bot: Option 'env' is deprecated, use 'virtualenv' instead.
2024-09-05 10:18:11,790 [base_deploy.py:log_info()] - Git Repo moonraker-telegram-bot: Detected virtualenv: /home/sovol/moonraker-telegram-bot-env
2024-09-05 10:18:11,802 [base_deploy.py:log_info()] - Git Repo moonraker-obico: Option 'env' is deprecated, use 'virtualenv' instead.
2024-09-05 10:18:11,807 [base_deploy.py:log_info()] - Git Repo moonraker-obico: Detected virtualenv: /home/sovol/moonraker-obico-env
2024-09-05 10:18:11,823 [base_deploy.py:log_info()] - Git Repo mobileraker: Option 'env' is deprecated, use 'virtualenv' instead.
2024-09-05 10:18:11,829 [base_deploy.py:log_info()] - Git Repo mobileraker: Detected virtualenv: /home/sovol/mobileraker-env
2024-09-05 10:18:11,852 [base_deploy.py:log_info()] - Zip Application Spoolman: Detected virtualenv: /home/sovol/Spoolman/.venv
2024-09-05 10:18:11,864 [base_deploy.py:log_info()] - Zip Application Spoolman: Configured persistent files: ['.venv', '.env']
2024-09-05 10:18:11,896 [server.py:load_component()] - Component (update_manager) loaded
2024-09-05 10:18:11,905 [server.py:try_pip_recovery()] - Module 'moonraker.components.timelapse' not found. Attempting Pip Update...
2024-09-05 10:18:11,905 [server.py:try_pip_recovery()] - Checking Pip Version...
2024-09-05 10:18:15,270 [server.py:try_pip_recovery()] - Installing Moonraker python dependencies...
2024-09-05 10:18:19,852 [pip_utils.py:_process_subproc_output()] - Looking in links: /home/sovol/moonraker/scripts/python_wheels
2024-09-05 10:18:19,857 [pip_utils.py:_process_subproc_output()] - Ignoring tornado: markers 'python_version == "3.7"' don't match your environment
2024-09-05 10:18:19,862 [pip_utils.py:_process_subproc_output()] - Ignoring pillow: markers 'python_version == "3.7"' don't match your environment
2024-09-05 10:18:19,867 [pip_utils.py:_process_subproc_output()] - Ignoring streaming-form-data: markers 'python_version == "3.7"' don't match your environment
2024-09-05 10:18:19,872 [pip_utils.py:_process_subproc_output()] - Ignoring importlib_metadata: markers 'python_version == "3.7"' don't match your environment
2024-09-05 10:18:19,880 [pip_utils.py:_process_subproc_output()] - Requirement already satisfied: tornado==6.4.1 in /home/sovol/moonraker-env/lib/python3.9/site-packages (from -r /home/sovol/moonraker/scripts/moonraker-requirements.txt (line 4)) (6.4.1)
2024-09-05 10:18:19,887 [pip_utils.py:_process_subproc_output()] - Requirement already satisfied: pyserial==3.4 in /home/sovol/moonraker-env/lib/python3.9/site-packages (from -r /home/sovol/moonraker/scripts/moonraker-requirements.txt (line 5)) (3.4)
2024-09-05 10:18:19,893 [pip_utils.py:_process_subproc_output()] - Requirement already satisfied: pyserial-asyncio==0.6 in /home/sovol/moonraker-env/lib/python3.9/site-packages (from -r /home/sovol/moonraker/scripts/moonraker-requirements.txt (line 6)) (0.6)
2024-09-05 10:18:19,900 [pip_utils.py:_process_subproc_output()] - Requirement already satisfied: pillow==10.3.0 in /home/sovol/moonraker-env/lib/python3.9/site-packages (from -r /home/sovol/moonraker/scripts/moonraker-requirements.txt (line 8)) (10.3.0)
2024-09-05 10:18:19,907 [pip_utils.py:_process_subproc_output()] - Requirement already satisfied: streaming-form-data==1.15.0 in /home/sovol/moonraker-env/lib/python3.9/site-packages (from -r /home/sovol/moonraker/scripts/moonraker-requirements.txt (line 10)) (1.15.0)
2024-09-05 10:18:19,914 [pip_utils.py:_process_subproc_output()] - Requirement already satisfied: distro==1.9.0 in /home/sovol/moonraker-env/lib/python3.9/site-packages (from -r /home/sovol/moonraker/scripts/moonraker-requirements.txt (line 11)) (1.9.0)
2024-09-05 10:18:19,920 [pip_utils.py:_process_subproc_output()] - Requirement already satisfied: inotify-simple==1.3.5 in /home/sovol/moonraker-env/lib/python3.9/site-packages (from -r /home/sovol/moonraker/scripts/moonraker-requirements.txt (line 12)) (1.3.5)
2024-09-05 10:18:19,927 [pip_utils.py:_process_subproc_output()] - Requirement already satisfied: libnacl==2.1.0 in /home/sovol/moonraker-env/lib/python3.9/site-packages (from -r /home/sovol/moonraker/scripts/moonraker-requirements.txt (line 13)) (2.1.0)
2024-09-05 10:18:19,933 [pip_utils.py:_process_subproc_output()] - Requirement already satisfied: paho-mqtt==1.6.1 in /home/sovol/moonraker-env/lib/python3.9/site-packages (from -r /home/sovol/moonraker/scripts/moonraker-requirements.txt (line 14)) (1.6.1)
2024-09-05 10:18:19,939 [pip_utils.py:_process_subproc_output()] - Requirement already satisfied: zeroconf==0.131.0 in /home/sovol/moonraker-env/lib/python3.9/site-packages (from -r /home/sovol/moonraker/scripts/moonraker-requirements.txt (line 15)) (0.131.0)
2024-09-05 10:18:19,946 [pip_utils.py:_process_subproc_output()] - Requirement already satisfied: preprocess-cancellation==0.2.1 in /home/sovol/moonraker-env/lib/python3.9/site-packages (from -r /home/sovol/moonraker/scripts/moonraker-requirements.txt (line 16)) (0.2.1)
2024-09-05 10:18:19,953 [pip_utils.py:_process_subproc_output()] - Requirement already satisfied: jinja2==3.1.4 in /home/sovol/moonraker-env/lib/python3.9/site-packages (from -r /home/sovol/moonraker/scripts/moonraker-requirements.txt (line 17)) (3.1.4)
2024-09-05 10:18:19,959 [pip_utils.py:_process_subproc_output()] - Requirement already satisfied: dbus-next==0.2.3 in /home/sovol/moonraker-env/lib/python3.9/site-packages (from -r /home/sovol/moonraker/scripts/moonraker-requirements.txt (line 18)) (0.2.3)
2024-09-05 10:18:19,965 [pip_utils.py:_process_subproc_output()] - Requirement already satisfied: apprise==1.8.0 in /home/sovol/moonraker-env/lib/python3.9/site-packages (from -r /home/sovol/moonraker/scripts/moonraker-requirements.txt (line 19)) (1.8.0)
2024-09-05 10:18:19,972 [pip_utils.py:_process_subproc_output()] - Requirement already satisfied: ldap3==2.9.1 in /home/sovol/moonraker-env/lib/python3.9/site-packages (from -r /home/sovol/moonraker/scripts/moonraker-requirements.txt (line 20)) (2.9.1)
2024-09-05 10:18:19,978 [pip_utils.py:_process_subproc_output()] - Requirement already satisfied: python-periphery==2.4.1 in /home/sovol/moonraker-env/lib/python3.9/site-packages (from -r /home/sovol/moonraker/scripts/moonraker-requirements.txt (line 21)) (2.4.1)
2024-09-05 10:18:19,984 [pip_utils.py:_process_subproc_output()] - Requirement already satisfied: importlib_metadata==8.2.0 in /home/sovol/moonraker-env/lib/python3.9/site-packages (from -r /home/sovol/moonraker/scripts/moonraker-requirements.txt (line 23)) (8.2.0)
2024-09-05 10:18:20,092 [pip_utils.py:_process_subproc_output()] - Requirement already satisfied: smart-open>=6.0 in /home/sovol/moonraker-env/lib/python3.9/site-packages (from streaming-form-data==1.15.0->-r /home/sovol/moonraker/scripts/moonraker-requirements.txt (line 10)) (7.0.4)
2024-09-05 10:18:20,151 [pip_utils.py:_process_subproc_output()] - Requirement already satisfied: async-timeout>=3.0.0 in /home/sovol/moonraker-env/lib/python3.9/site-packages (from zeroconf==0.131.0->-r /home/sovol/moonraker/scripts/moonraker-requirements.txt (line 15)) (4.0.3)
2024-09-05 10:18:20,157 [pip_utils.py:_process_subproc_output()] - Requirement already satisfied: ifaddr>=0.1.7 in /home/sovol/moonraker-env/lib/python3.9/site-packages (from zeroconf==0.131.0->-r /home/sovol/moonraker/scripts/moonraker-requirements.txt (line 15)) (0.2.0)
2024-09-05 10:18:20,183 [pip_utils.py:_process_subproc_output()] - Requirement already satisfied: MarkupSafe>=2.0 in /home/sovol/moonraker-env/lib/python3.9/site-packages (from jinja2==3.1.4->-r /home/sovol/moonraker/scripts/moonraker-requirements.txt (line 17)) (2.1.5)
2024-09-05 10:18:20,219 [pip_utils.py:_process_subproc_output()] - Requirement already satisfied: certifi in /home/sovol/moonraker-env/lib/python3.9/site-packages (from apprise==1.8.0->-r /home/sovol/moonraker/scripts/moonraker-requirements.txt (line 19)) (2024.7.4)
2024-09-05 10:18:20,224 [pip_utils.py:_process_subproc_output()] - Requirement already satisfied: requests in /home/sovol/moonraker-env/lib/python3.9/site-packages (from apprise==1.8.0->-r /home/sovol/moonraker/scripts/moonraker-requirements.txt (line 19)) (2.32.3)
2024-09-05 10:18:20,229 [pip_utils.py:_process_subproc_output()] - Requirement already satisfied: requests-oauthlib in /home/sovol/moonraker-env/lib/python3.9/site-packages (from apprise==1.8.0->-r /home/sovol/moonraker/scripts/moonraker-requirements.txt (line 19)) (2.0.0)
2024-09-05 10:18:20,235 [pip_utils.py:_process_subproc_output()] - Requirement already satisfied: click>=5.0 in /home/sovol/moonraker-env/lib/python3.9/site-packages (from apprise==1.8.0->-r /home/sovol/moonraker/scripts/moonraker-requirements.txt (line 19)) (8.1.7)
2024-09-05 10:18:20,241 [pip_utils.py:_process_subproc_output()] - Requirement already satisfied: markdown in /home/sovol/moonraker-env/lib/python3.9/site-packages (from apprise==1.8.0->-r /home/sovol/moonraker/scripts/moonraker-requirements.txt (line 19)) (3.7)
2024-09-05 10:18:20,246 [pip_utils.py:_process_subproc_output()] - Requirement already satisfied: PyYAML in /home/sovol/moonraker-env/lib/python3.9/site-packages (from apprise==1.8.0->-r /home/sovol/moonraker/scripts/moonraker-requirements.txt (line 19)) (6.0.2)
2024-09-05 10:18:20,264 [pip_utils.py:_process_subproc_output()] - Requirement already satisfied: pyasn1>=0.4.6 in /home/sovol/moonraker-env/lib/python3.9/site-packages (from ldap3==2.9.1->-r /home/sovol/moonraker/scripts/moonraker-requirements.txt (line 20)) (0.6.0)
2024-09-05 10:18:20,336 [pip_utils.py:_process_subproc_output()] - Requirement already satisfied: zipp>=0.5 in /home/sovol/moonraker-env/lib/python3.9/site-packages (from importlib_metadata==8.2.0->-r /home/sovol/moonraker/scripts/moonraker-requirements.txt (line 23)) (3.20.0)
2024-09-05 10:18:20,481 [pip_utils.py:_process_subproc_output()] - Requirement already satisfied: wrapt in /home/sovol/moonraker-env/lib/python3.9/site-packages (from smart-open>=6.0->streaming-form-data==1.15.0->-r /home/sovol/moonraker/scripts/moonraker-requirements.txt (line 10)) (1.16.0)
2024-09-05 10:18:20,612 [pip_utils.py:_process_subproc_output()] - Requirement already satisfied: charset-normalizer<4,>=2 in /home/sovol/moonraker-env/lib/python3.9/site-packages (from requests->apprise==1.8.0->-r /home/sovol/moonraker/scripts/moonraker-requirements.txt (line 19)) (3.3.2)
2024-09-05 10:18:20,619 [pip_utils.py:_process_subproc_output()] - Requirement already satisfied: idna<4,>=2.5 in /home/sovol/moonraker-env/lib/python3.9/site-packages (from requests->apprise==1.8.0->-r /home/sovol/moonraker/scripts/moonraker-requirements.txt (line 19)) (3.8)
2024-09-05 10:18:20,626 [pip_utils.py:_process_subproc_output()] - Requirement already satisfied: urllib3<3,>=1.21.1 in /home/sovol/moonraker-env/lib/python3.9/site-packages (from requests->apprise==1.8.0->-r /home/sovol/moonraker/scripts/moonraker-requirements.txt (line 19)) (2.2.2)
2024-09-05 10:18:20,650 [pip_utils.py:_process_subproc_output()] - Requirement already satisfied: oauthlib>=3.0.0 in /home/sovol/moonraker-env/lib/python3.9/site-packages (from requests-oauthlib->apprise==1.8.0->-r /home/sovol/moonraker/scripts/moonraker-requirements.txt (line 19)) (3.2.2)
2024-09-05 10:18:21,470 [server.py:load_component()] - Unable to load component: (timelapse)
Traceback (most recent call last):
  File "/home/sovol/moonraker/moonraker/server.py", line 300, in load_component
    module = importlib.import_module(full_name)
  File "/usr/lib/python3.9/importlib/__init__.py", line 127, in import_module
    return _bootstrap._gcd_import(name[level:], package, level)
  File "<frozen importlib._bootstrap>", line 1030, in _gcd_import
  File "<frozen importlib._bootstrap>", line 1007, in _find_and_load
  File "<frozen importlib._bootstrap>", line 984, in _find_and_load_unlocked
ModuleNotFoundError: No module named 'moonraker.components.timelapse'

During handling of the above exception, another exception occurred:

Traceback (most recent call last):
  File "/home/sovol/moonraker/moonraker/server.py", line 300, in load_component
    module = importlib.import_module(full_name)
  File "/usr/lib/python3.9/importlib/__init__.py", line 127, in import_module
    return _bootstrap._gcd_import(name[level:], package, level)
  File "<frozen importlib._bootstrap>", line 1030, in _gcd_import
  File "<frozen importlib._bootstrap>", line 1007, in _find_and_load
  File "<frozen importlib._bootstrap>", line 984, in _find_and_load_unlocked
ModuleNotFoundError: No module named 'moonraker.components.timelapse'
2024-09-05 10:18:21,471 [server.py:add_warning()] - Unparsed config section [timelapse] detected.  This may be the result of a component that failed to load.  In the future this will result in a startup error.
2024-09-05 10:18:21,474 [server.py:_initialize_component()] - Performing Component Post Init: [database]
2024-09-05 10:18:21,517 [server.py:_initialize_component()] - Performing Component Post Init: [dbus_manager]
2024-09-05 10:18:21,629 [server.py:_initialize_component()] - Performing Component Post Init: [file_manager]
2024-09-05 10:18:21,777 [server.py:_initialize_component()] - Performing Component Post Init: [authorization]
2024-09-05 10:18:21,789 [server.py:_initialize_component()] - Performing Component Post Init: [machine]
2024-09-05 10:18:21,795 [machine.py:validation_init()] - Installation version in database up to date
2024-09-05 10:18:22,573 [machine.py:check_virt_status()] - No Virtualization Detected
2024-09-05 10:18:22,729 [server.py:add_log_rollover_item()] - 
Systemd unit moonraker.service:
unit_name: moonraker.service
is_default: True
manager: systemd
Properties:
**Requires=['-.mount', 'sysinit.target', 'network-online.target', 'system.slice']
**After=['systemd-journald.socket', 'network-online.target', 'sysinit.target', 'basic.target', '-.mount', 'system.slice']
**SupplementaryGroups=['moonraker-admin']
**EnvironmentFiles=/home/sovol/printer_data/systemd/moonraker.env
**ExecStart=/home/sovol/moonraker-env/bin/python $MOONRAKER_ARGS
**WorkingDirectory=/home/sovol/moonraker
**FragmentPath=/etc/systemd/system/moonraker.service
**Description=API Server for Klipper SV1
**User=sovol
2024-09-05 10:18:22,730 [server.py:_initialize_component()] - Performing Component Post Init: [proc_stats]
2024-09-05 10:18:22,731 [server.py:_initialize_component()] - Performing Component Post Init: [history]
2024-09-05 10:18:22,752 [server.py:_initialize_component()] - Performing Component Post Init: [announcements]
2024-09-05 10:18:22,788 [server.py:_initialize_component()] - Performing Component Post Init: [webcam]
2024-09-05 10:18:22,797 [server.py:_initialize_component()] - Performing Component Post Init: [klippy_connection]
2024-09-05 10:18:22,798 [server.py:add_log_rollover_item()] - 
Systemd unit klipper.service:
unit_name: klipper.service
is_default: True
manager: systemd
Properties:
**Requires=['system.slice', 'sysinit.target', '-.mount']
**After=['-.mount', 'klipper-mcu.service', 'sysinit.target', 'systemd-journald.socket', 'network-online.target', 'system.slice', 'basic.target']
**SupplementaryGroups=[]
**EnvironmentFiles=/home/sovol/printer_data/systemd/klipper.env
**ExecStart=/home/sovol/klippy-env/bin/python $KLIPPER_ARGS
**WorkingDirectory=/home/sovol/klipper
**FragmentPath=/etc/systemd/system/klipper.service
**Description=Klipper 3D Printer Firmware SV1
**User=sovol
2024-09-05 10:18:22,799 [server.py:_initialize_component()] - Performing Component Post Init: [spoolman]
2024-09-05 10:18:22,799 [server.py:_initialize_component()] - Performing Component Post Init: [update_manager]
2024-09-05 10:18:22,812 [spoolman.py:_connect_websocket()] - Connecting To Spoolman: ws://192.168.1.23:7912/api/v1/spool
2024-09-05 10:18:22,822 [server.py:add_log_rollover_item()] - Failed to Connect to spoolman: [Errno 101] Network is unreachable
2024-09-05 10:18:23,121 [base_deploy.py:log_info()] - PackageDeploy: PackageKit Provider Configured
2024-09-05 10:18:23,127 [git_deploy.py:log_repo_info()] - Git Repo moonraker Detected:
Owner: Arksine
Repository Name: moonraker
Path: /home/sovol/moonraker
Remote: origin
Branch: master
Remote URL: https://github.com/Arksine/moonraker.git
Recovery URL: https://github.com/Arksine/moonraker.git
Current Commit SHA: f735c0419444848b59342a98ad3532eef123ea46
Upstream Commit SHA: f735c0419444848b59342a98ad3532eef123ea46
Current Version: v0.9.2-6-gf735c041
Upstream Version: v0.9.2-6-gf735c041
Rollback Commit: f735c0419444848b59342a98ad3532eef123ea46
Rollback Branch: master
Rollback Version: v0.9.2-6-gf735c041
Is Dirty: False
Is Detached: False
Is Shallow: False
Commits Behind Count: 0
Diverged: False
Pinned Commit: None
2024-09-05 10:18:23,132 [git_deploy.py:log_repo_info()] - Git Repo klipper Detected:
Owner: Klipper3d
Repository Name: klipper
Path: /home/sovol/klipper
Remote: origin
Branch: master
Remote URL: https://github.com/Sovol3d/klipper
Recovery URL: https://github.com/Sovol3d/klipper
Current Commit SHA: 81de9a8615df667ae2ea6d2b0f9204e7f3b09bcc
Upstream Commit SHA: 81de9a8615df667ae2ea6d2b0f9204e7f3b09bcc
Current Version: v0.12.0-286-g81de9a86
Upstream Version: v0.12.0-286-g81de9a86
Rollback Commit: 81de9a8615df667ae2ea6d2b0f9204e7f3b09bcc
Rollback Branch: master
Rollback Version: v0.12.0-286-g81de9a86
Is Dirty: False
Is Detached: False
Is Shallow: False
Commits Behind Count: 0
Diverged: False
Pinned Commit: None
Repo Warnings:
  Unofficial remote url: https://github.com/Sovol3d/klipper
2024-09-05 10:18:23,138 [git_deploy.py:log_repo_info()] - Git Repo mainsail-config Detected:
Owner: mainsail-crew
Repository Name: mainsail-config
Path: /home/sovol/mainsail-config
Remote: origin
Branch: master
Remote URL: https://github.com/mainsail-crew/mainsail-config.git
Recovery URL: https://github.com/mainsail-crew/mainsail-config.git
Current Commit SHA: e57810d51b5c634aadaca4db923bfcba269ae4b3
Upstream Commit SHA: e57810d51b5c634aadaca4db923bfcba269ae4b3
Current Version: v1.2.1-0-ge57810d5
Upstream Version: v1.2.1-0-ge57810d5
Rollback Commit: e57810d51b5c634aadaca4db923bfcba269ae4b3
Rollback Branch: master
Rollback Version: v1.2.1-0-ge57810d5
Is Dirty: False
Is Detached: False
Is Shallow: False
Commits Behind Count: 0
Diverged: False
Pinned Commit: None
2024-09-05 10:18:23,150 [base_deploy.py:log_info()] - Web Client mainsail: Detected
Repo: mainsail-crew/mainsail
Channel: stable
Path: /home/sovol/mainsail
Local Version: v2.12.0
Remote Version: v2.12.0
Valid: True
Fallback Detected: False
Pre-release: False
Download Url: https://github.com/mainsail-crew/mainsail/releases/download/v2.12.0/mainsail.zip
Download Size: 2545249
Content Type: application/zip
Rollback Version: v2.12.0
Rollback Repo: mainsail-crew/mainsail
2024-09-05 10:18:23,155 [git_deploy.py:log_repo_info()] - Git Repo moonraker-telegram-bot Detected:
Owner: nlef
Repository Name: moonraker-telegram-bot
Path: /home/sovol/moonraker-telegram-bot
Remote: origin
Branch: master
Remote URL: https://github.com/nlef/moonraker-telegram-bot.git
Recovery URL: https://github.com/nlef/moonraker-telegram-bot.git
Current Commit SHA: b9b47003e13b8a23af696594aac8ba53c777f5a7
Upstream Commit SHA: b9b47003e13b8a23af696594aac8ba53c777f5a7
Current Version: v1.5-0-gb9b47003
Upstream Version: v1.5-0-gb9b47003
Rollback Commit: b9b47003e13b8a23af696594aac8ba53c777f5a7
Rollback Branch: master
Rollback Version: v1.5-0-gb9b47003
Is Dirty: False
Is Detached: False
Is Shallow: False
Commits Behind Count: 0
Diverged: False
Pinned Commit: None
2024-09-05 10:18:23,160 [git_deploy.py:log_repo_info()] - Git Repo moonraker-obico Detected:
Owner: TheSpaghettiDetective
Repository Name: moonraker-obico
Path: /home/sovol/moonraker-obico
Remote: origin
Branch: master
Remote URL: https://github.com/TheSpaghettiDetective/moonraker-obico.git
Recovery URL: https://github.com/TheSpaghettiDetective/moonraker-obico.git
Current Commit SHA: 5efb6e4e1ae108a2c86e5baf904625167e212d6f
Upstream Commit SHA: b0bf5f70445f87446e18b59f82c5d8bc11647209
Current Version: v2.0.4-0-g5efb6e4e
Upstream Version: v2.0.5-0-gb0bf5f70
Rollback Commit: 5efb6e4e1ae108a2c86e5baf904625167e212d6f
Rollback Branch: master
Rollback Version: v2.0.4-0-g5efb6e4e
Is Dirty: False
Is Detached: False
Is Shallow: False
Commits Behind Count: 5
Diverged: False
Pinned Commit: None
2024-09-05 10:18:23,165 [git_deploy.py:log_repo_info()] - Git Repo mobileraker Detected:
Owner: Clon1998
Repository Name: mobileraker_companion
Path: /home/sovol/mobileraker_companion
Remote: origin
Branch: main
Remote URL: https://github.com/Clon1998/mobileraker_companion.git
Recovery URL: https://github.com/Clon1998/mobileraker_companion.git
Current Commit SHA: ff0d7d70145550796890b1240721d01b1cb561cf
Upstream Commit SHA: ff0d7d70145550796890b1240721d01b1cb561cf
Current Version: v0.4.0-77-gff0d7d70
Upstream Version: v0.4.0-77-gff0d7d70
Rollback Commit: ff0d7d70145550796890b1240721d01b1cb561cf
Rollback Branch: main
Rollback Version: v0.4.0-77-gff0d7d70
Is Dirty: False
Is Detached: False
Is Shallow: False
Commits Behind Count: 0
Diverged: False
Pinned Commit: None
2024-09-05 10:18:23,171 [git_deploy.py:log_repo_info()] - Git Repo crowsnest Detected:
Owner: mainsail-crew
Repository Name: crowsnest
Path: /home/sovol/crowsnest
Remote: origin
Branch: master
Remote URL: https://github.com/mainsail-crew/crowsnest.git
Recovery URL: https://github.com/mainsail-crew/crowsnest.git
Current Commit SHA: d75a3aeb018384e59d03518754f6148c98894ed9
Upstream Commit SHA: d75a3aeb018384e59d03518754f6148c98894ed9
Current Version: v4.1.9-1-gd75a3aeb
Upstream Version: v4.1.9-1-gd75a3aeb
Rollback Commit: d75a3aeb018384e59d03518754f6148c98894ed9
Rollback Branch: master
Rollback Version: v4.1.9-1-gd75a3aeb
Is Dirty: False
Is Detached: False
Is Shallow: False
Commits Behind Count: 0
Diverged: False
Pinned Commit: None
2024-09-05 10:18:23,183 [base_deploy.py:log_info()] - Zip Application Spoolman: Detected
Repo: Donkie/Spoolman
Channel: stable
Path: /home/sovol/Spoolman
Local Version: v0.19.3
Remote Version: v0.19.3
Valid: True
Fallback Detected: False
Pre-release: False
Download Url: https://github.com/Donkie/Spoolman/releases/download/v0.19.3/spoolman.zip
Download Size: 3238146
Content Type: application/zip
Rollback Version: v0.19.3
Rollback Repo: Donkie/Spoolman
2024-09-05 10:18:23,184 [base_deploy.py:log_info()] - PackageKit: Next refresh in: 3 Days, 13 Hours, 59 Minutes, 22 Seconds
2024-09-05 10:18:23,185 [base_deploy.py:log_info()] - Git Repo moonraker: Next refresh in: 3 Days, 13 Hours, 59 Minutes, 24 Seconds
2024-09-05 10:18:23,185 [base_deploy.py:log_info()] - Git Repo klipper: Next refresh in: 3 Days, 13 Hours, 59 Minutes, 27 Seconds
2024-09-05 10:18:23,186 [base_deploy.py:log_info()] - Git Repo mainsail-config: Next refresh in: 3 Days, 13 Hours, 59 Minutes, 30 Seconds
2024-09-05 10:18:23,186 [base_deploy.py:log_info()] - Web Client mainsail: Next refresh in: 3 Days, 13 Hours, 59 Minutes, 30 Seconds
2024-09-05 10:18:23,186 [base_deploy.py:log_info()] - Git Repo moonraker-telegram-bot: Next refresh in: 3 Days, 13 Hours, 59 Minutes, 32 Seconds
2024-09-05 10:18:23,187 [base_deploy.py:log_info()] - Git Repo moonraker-obico: Next refresh in: 3 Days, 13 Hours, 59 Minutes, 34 Seconds
2024-09-05 10:18:23,187 [base_deploy.py:log_info()] - Git Repo mobileraker: Next refresh in: 3 Days, 13 Hours, 59 Minutes, 35 Seconds
2024-09-05 10:18:23,188 [base_deploy.py:log_info()] - Git Repo crowsnest: Next refresh in: 3 Days, 13 Hours, 59 Minutes, 37 Seconds
2024-09-05 10:18:23,188 [base_deploy.py:log_info()] - Zip Application Spoolman: Next refresh in: 3 Days, 13 Hours, 59 Minutes, 37 Seconds
2024-09-05 10:18:23,191 [extensions.py:start_unix_server()] - Creating Unix Domain Socket at '/home/sovol/printer_data/comms/moonraker.sock'
2024-09-05 10:18:23,195 [server.py:start_server()] - Starting Moonraker on (0.0.0.0, 7125), Hostname: SPI-XI
2024-09-05 10:18:23,199 [application.py:listen()] - SSL Certificate/Key not configured, aborting HTTPS Server startup
2024-09-05 10:18:23,454 [klippy_connection.py:_do_connect()] - Klippy Connection Established
2024-09-05 10:18:23,607 [server.py:add_log_rollover_item()] - 
Systemd unit klipper.service:
unit_name: klipper.service
is_default: True
manager: systemd
Properties:
**Requires=['-.mount', 'sysinit.target', 'system.slice']
**After=['systemd-journald.socket', 'sysinit.target', 'network-online.target', '-.mount', 'basic.target', 'system.slice', 'klipper-mcu.service']
**SupplementaryGroups=[]
**EnvironmentFiles=/home/sovol/printer_data/systemd/klipper.env
**ExecStart=/home/sovol/klippy-env/bin/python $KLIPPER_ARGS
**WorkingDirectory=/home/sovol/klipper
**FragmentPath=/etc/systemd/system/klipper.service
**Description=Klipper 3D Printer Firmware SV1
**User=sovol
2024-09-05 10:18:23,863 [server.py:add_log_rollover_item()] - Klipper Version: v0.12.0-5-g6c1004f-dirty
2024-09-05 10:18:23,906 [klippy_connection.py:_request_initial_subscriptions()] - Webhooks Subscribed
2024-09-05 10:18:23,916 [klippy_connection.py:_request_initial_subscriptions()] - GCode Output Subscribed
2024-09-05 10:18:24,157 [job_state.py:_handle_started()] - Job state initialized: standby
2024-09-05 10:18:24,441 [klippy_connection.py:_check_ready()] - Klippy ready
2024-09-05 10:18:24,838 [announcements.py:_fetch_moonlight()] - Failed to update subscription 'moonraker': [Errno -2] Name or service not known
2024-09-05 10:18:24,910 [data_store.py:_init_sensors()] - Configuring available sensors: ['temperature_sensor mcu_temp', 'temperature_sensor Host_temp', 'temperature_sensor Toolhead_Temp', 'heater_bed', 'extruder']
2024-09-05 10:18:25,322 [authorization.py:_check_trusted_connection()] - Trusted Connection Detected, IP: 127.0.0.1
2024-09-05 10:18:25,325 [application.py:log_request()] - 101 GET /websocket (127.0.0.1) [_TRUSTED_USER_] 6.16ms
2024-09-05 10:18:25,326 [websockets.py:open()] - Websocket Opened: ID: 281473244047248, Proxied: False, User Agent: Python/3.9 websockets/10.1, Host Name: 127.0.0.1
2024-09-05 10:18:26,868 [announcements.py:_fetch_moonlight()] - Failed to update subscription 'klipper': [Errno -2] Name or service not known
2024-09-05 10:18:28,894 [announcements.py:_fetch_moonlight()] - Failed to update subscription 'spoolman': [Errno -2] Name or service not known
2024-09-05 10:18:31,359 [application.py:log_request()] - 101 GET /websocket (127.0.0.1) [_API_KEY_USER_] 6.64ms
2024-09-05 10:18:31,360 [websockets.py:open()] - Websocket Opened: ID: 281473234854384, Proxied: False, User Agent: , Host Name: 127.0.0.1
2024-09-05 10:18:31,469 [websockets.py:_handle_identify()] - Websocket 281473234854384 Client Identified - Name: Obico, Version: 2.0.4, Type: agent
2024-09-05 10:18:42,789 [machine.py:_find_public_ip()] - Failed to detect local IP address
2024-09-05 10:19:17,023 [server.py:add_log_rollover_item()] - Connected to Spoolman Spool Manager
2024-09-05 10:19:17,323 [spoolman.py:_check_spool_deleted()] - Found Spool ID 1 on spoolman instance
2024-09-05 10:19:22,849 [machine.py:_find_public_ip()] - Detected Local IP: 192.168.1.23
2024-09-05 10:19:22,852 [webcam.py:_set_default_host_ip()] - Default public webcam address set: http://192.168.1.23
2024-09-05 10:59:10,882 [application.py:log_request()] - 404 GET /server/database/item?namespace=mainsail&key=presets (127.0.0.1) [_API_KEY_USER_] 43.24ms
2024-09-05 11:22:15,531 [authorization.py:_prune_conn_handler()] - Trusted Connection Expired, IP: 127.0.0.1
