2024-09-04 23:59:59:INFO:Performing scheduled database backup.
2024-09-05 00:00:00:INFO:Deleting oldest backup /home/sovol/.local/share/spoolman/backups/spoolman.db.5
2024-09-05 00:00:00:INFO:Backing up SQLite database to /home/sovol/.local/share/spoolman/backups/spoolman.db
2024-09-05 00:00:00:INFO:Copied 1 of 24 pages.
2024-09-05 00:00:00:INFO:Copied 2 of 24 pages.
2024-09-05 00:00:00:INFO:Copied 3 of 24 pages.
2024-09-05 00:00:00:INFO:Copied 4 of 24 pages.
2024-09-05 00:00:00:INFO:Copied 5 of 24 pages.
2024-09-05 00:00:00:INFO:Copied 6 of 24 pages.
2024-09-05 00:00:00:INFO:Copied 7 of 24 pages.
2024-09-05 00:00:00:INFO:Copied 8 of 24 pages.
2024-09-05 00:00:00:INFO:Copied 9 of 24 pages.
2024-09-05 00:00:00:INFO:Copied 10 of 24 pages.
2024-09-05 00:00:00:INFO:Copied 11 of 24 pages.
2024-09-05 00:00:00:INFO:Copied 12 of 24 pages.
2024-09-05 00:00:00:INFO:Copied 13 of 24 pages.
2024-09-05 00:00:00:INFO:Copied 14 of 24 pages.
2024-09-05 00:00:00:INFO:Copied 15 of 24 pages.
2024-09-05 00:00:00:INFO:Copied 16 of 24 pages.
2024-09-05 00:00:00:INFO:Copied 17 of 24 pages.
2024-09-05 00:00:00:INFO:Copied 18 of 24 pages.
2024-09-05 00:00:00:INFO:Copied 19 of 24 pages.
2024-09-05 00:00:00:INFO:Copied 20 of 24 pages.
2024-09-05 00:00:00:INFO:Copied 21 of 24 pages.
2024-09-05 00:00:00:INFO:Copied 22 of 24 pages.
2024-09-05 00:00:00:INFO:Copied 23 of 24 pages.
2024-09-05 00:00:00:INFO:Copied 24 of 24 pages.
2024-09-05 00:00:00:INFO:Backup complete.
2024-09-05 00:17:39:INFO:Syncing external DB.
2024-09-05 00:17:39:INFO:HTTP Request: GET https://donkie.github.io/SpoolmanDB/filaments.json "HTTP/1.1 200 OK"
2024-09-05 00:17:39:INFO:HTTP Request: GET https://donkie.github.io/SpoolmanDB/materials.json "HTTP/1.1 200 OK"
2024-09-05 00:17:39:INFO:External DB synced. Filaments: 2565, Materials: 23
2024-09-05 01:17:39:INFO:Syncing external DB.
2024-09-05 01:17:39:INFO:HTTP Request: GET https://donkie.github.io/SpoolmanDB/filaments.json "HTTP/1.1 200 OK"
2024-09-05 01:17:40:INFO:HTTP Request: GET https://donkie.github.io/SpoolmanDB/materials.json "HTTP/1.1 200 OK"
2024-09-05 01:17:40:INFO:External DB synced. Filaments: 2565, Materials: 23
2024-09-05 02:17:39:INFO:Syncing external DB.
2024-09-05 02:17:39:INFO:HTTP Request: GET https://donkie.github.io/SpoolmanDB/filaments.json "HTTP/1.1 200 OK"
2024-09-05 02:17:39:INFO:HTTP Request: GET https://donkie.github.io/SpoolmanDB/materials.json "HTTP/1.1 200 OK"
2024-09-05 02:17:40:INFO:External DB synced. Filaments: 2565, Materials: 23
2024-09-05 03:17:39:INFO:Syncing external DB.
2024-09-05 03:17:39:INFO:HTTP Request: GET https://donkie.github.io/SpoolmanDB/filaments.json "HTTP/1.1 200 OK"
2024-09-05 03:17:39:INFO:HTTP Request: GET https://donkie.github.io/SpoolmanDB/materials.json "HTTP/1.1 200 OK"
2024-09-05 03:17:40:INFO:External DB synced. Filaments: 2565, Materials: 23
2024-09-05 04:17:39:INFO:Syncing external DB.
2024-09-05 04:17:39:INFO:HTTP Request: GET https://donkie.github.io/SpoolmanDB/filaments.json "HTTP/1.1 200 OK"
2024-09-05 04:17:39:INFO:HTTP Request: GET https://donkie.github.io/SpoolmanDB/materials.json "HTTP/1.1 200 OK"
2024-09-05 04:17:39:INFO:External DB synced. Filaments: 2565, Materials: 23
2024-09-05 05:17:39:INFO:Syncing external DB.
2024-09-05 05:17:39:INFO:HTTP Request: GET https://donkie.github.io/SpoolmanDB/filaments.json "HTTP/1.1 200 OK"
2024-09-05 05:17:39:INFO:HTTP Request: GET https://donkie.github.io/SpoolmanDB/materials.json "HTTP/1.1 200 OK"
2024-09-05 05:17:40:INFO:External DB synced. Filaments: 2565, Materials: 23
2024-09-05 06:17:39:INFO:Syncing external DB.
2024-09-05 06:17:39:INFO:HTTP Request: GET https://donkie.github.io/SpoolmanDB/filaments.json "HTTP/1.1 200 OK"
2024-09-05 06:17:39:INFO:HTTP Request: GET https://donkie.github.io/SpoolmanDB/materials.json "HTTP/1.1 200 OK"
2024-09-05 06:17:39:INFO:External DB synced. Filaments: 2565, Materials: 23
2024-09-05 07:17:39:INFO:Syncing external DB.
2024-09-05 07:17:39:INFO:HTTP Request: GET https://donkie.github.io/SpoolmanDB/filaments.json "HTTP/1.1 200 OK"
2024-09-05 07:17:39:INFO:HTTP Request: GET https://donkie.github.io/SpoolmanDB/materials.json "HTTP/1.1 200 OK"
2024-09-05 07:17:39:INFO:External DB synced. Filaments: 2565, Materials: 23
2024-09-05 08:17:39:INFO:Syncing external DB.
2024-09-05 08:17:39:INFO:HTTP Request: GET https://donkie.github.io/SpoolmanDB/filaments.json "HTTP/1.1 200 OK"
2024-09-05 08:17:39:INFO:HTTP Request: GET https://donkie.github.io/SpoolmanDB/materials.json "HTTP/1.1 200 OK"
2024-09-05 08:17:39:INFO:External DB synced. Filaments: 2565, Materials: 23
2024-09-05 09:17:39:INFO:Syncing external DB.
2024-09-05 09:17:39:INFO:HTTP Request: GET https://donkie.github.io/SpoolmanDB/filaments.json "HTTP/1.1 200 OK"
2024-09-05 09:17:39:INFO:HTTP Request: GET https://donkie.github.io/SpoolmanDB/materials.json "HTTP/1.1 200 OK"
2024-09-05 09:17:39:INFO:External DB synced. Filaments: 2565, Materials: 23
2024-09-05 10:17:39:INFO:Syncing external DB.
2024-09-05 10:17:39:INFO:HTTP Request: GET https://donkie.github.io/SpoolmanDB/filaments.json "HTTP/1.1 200 OK"
2024-09-05 10:17:40:INFO:HTTP Request: GET https://donkie.github.io/SpoolmanDB/materials.json "HTTP/1.1 200 OK"
2024-09-05 10:17:40:INFO:External DB synced. Filaments: 2565, Materials: 23
2024-09-05 10:17:19:INFO:Starting Spoolman v0.19.3 (commit: 5c5bd46) (built: None)
2024-09-05 10:17:19:INFO:Using data directory: /home/sovol/.local/share/spoolman
2024-09-05 10:17:19:INFO:Using logs directory: /home/sovol/.local/share/spoolman
2024-09-05 10:17:19:INFO:Using backups directory: /home/sovol/.local/share/spoolman/backups
2024-09-05 10:17:19:INFO:Setting up database...
2024-09-05 10:17:19:INFO:No database type specified, using a default SQLite database located at "/home/sovol/.local/share/spoolman/spoolman.db"
2024-09-05 10:17:19:INFO:Performing migrations...
2024-09-05 10:17:23:INFO:Scheduling automatic database backup for midnight.
2024-09-05 10:17:23:INFO:Scheduling external DB sync.
2024-09-05 10:17:23:INFO:Startup complete.
2024-09-05 10:17:23:INFO:Syncing external DB.
2024-09-05 10:17:23:INFO:HTTP Request: GET https://donkie.github.io/SpoolmanDB/filaments.json "HTTP/1.1 200 OK"
2024-09-05 10:17:23:INFO:HTTP Request: GET https://donkie.github.io/SpoolmanDB/materials.json "HTTP/1.1 200 OK"
2024-09-05 10:17:24:INFO:External DB synced. Filaments: 2565, Materials: 23
2024-09-05 10:19:17:INFO:Client 192.168.1.23 is now listening on pool spool
2024-09-05 11:56:17:INFO:Syncing external DB.
2024-09-05 11:56:17:INFO:HTTP Request: GET https://donkie.github.io/SpoolmanDB/filaments.json "HTTP/1.1 200 OK"
2024-09-05 11:56:17:INFO:HTTP Request: GET https://donkie.github.io/SpoolmanDB/materials.json "HTTP/1.1 200 OK"
2024-09-05 11:56:17:INFO:External DB synced. Filaments: 2565, Materials: 23
2024-09-05 12:17:23:INFO:Syncing external DB.
2024-09-05 12:17:23:INFO:HTTP Request: GET https://donkie.github.io/SpoolmanDB/filaments.json "HTTP/1.1 200 OK"
2024-09-05 12:17:24:INFO:HTTP Request: GET https://donkie.github.io/SpoolmanDB/materials.json "HTTP/1.1 200 OK"
2024-09-05 12:17:24:INFO:External DB synced. Filaments: 2565, Materials: 23
